<?xml version="1.0" encoding="UTF-8"?>
<!-- Generated by org.testng.reporters.JUnitReportReporter -->
<testsuite hostname="DESKTOP-DQ56HI0" failures="0" tests="1" name="TestGetCall_Validation_Package.TestGetCall_Validation" time="2.219" errors="0" timestamp="2020-06-04T14:59:43 AEST" skipped="0">
  <testcase classname="TestGetCall_Validation_Package.TestGetCall_Validation" name="testGetCall_withoutHeader" time="2.219"/>
  <system-out/>
</testsuite> <!-- TestGetCall_Validation_Package.TestGetCall_Validation -->
