<?xml version="1.0" encoding="UTF-8"?>
<!-- Generated by org.testng.reporters.JUnitReportReporter -->
<testsuite hostname="DESKTOP-DQ56HI0" failures="0" tests="1" name="Test_GetCall" time="2.438" errors="0" timestamp="2020-06-03T10:25:51 AEST" skipped="0">
  <testcase classname="Test_GetCall" name="TestGetCall" time="2.438"/>
  <system-out/>
</testsuite> <!-- Test_GetCall -->
