<?xml version="1.0" encoding="UTF-8"?>
<!-- Generated by org.testng.reporters.JUnitReportReporter -->
<testsuite hostname="DESKTOP-DQ56HI0" failures="0" tests="1" name="TestPostCall_Validation_package.TestPostCall_Validation" time="3.521" errors="0" timestamp="2020-06-04T16:04:35 AEST" skipped="0">
  <testcase classname="TestPostCall_Validation_package.TestPostCall_Validation" name="TestPostCall_WithValidation" time="3.521"/>
  <system-out/>
</testsuite> <!-- TestPostCall_Validation_package.TestPostCall_Validation -->
